C51 COMPILER V7.08   DELAY                                                                 05/30/2023 04:27:23 PAGE 1   


C51 COMPILER V7.08, COMPILATION OF MODULE DELAY
OBJECT MODULE PLACED IN delay.OBJ
COMPILER INVOKED BY: C:\Keil\C51\BIN\C51.EXE delay.c BROWSE DEBUG OBJECTEXTEND

line level    source

   1          #include <reg52.h> //包含標頭檔，一般情況不需要改動，標頭檔包含特殊功能寄存器的定義
   2          #include "delay.h"
   3          
   4          /*------------------------------------------------
   5           uS延時函數，含有輸入參數 unsigned char t，無返回值
   6           unsigned char 是定義無符號字元變數，其值的範圍是
   7           0~255 這裡使用晶振12M，精確延時請使用彙編,大致延時
   8           長度如下 T=tx2+5 uS 
   9          ------------------------------------------------*/
  10          void DelayUs2x(unsigned char t)
  11          {   
  12   1       while(--t);
  13   1      }
  14          /*------------------------------------------------
  15           mS延時函數，含有輸入參數 unsigned char t，無返回值
  16           unsigned char 是定義無符號字元變數，其值的範圍是
  17           0~255 這裡使用晶振12M，精確延時請使用彙編
  18          ------------------------------------------------*/
  19          void DelayMs(unsigned char t)
  20          {
  21   1           
  22   1       while(t--)
  23   1       {
  24   2           //嚙篌嚙瞑嚙踝蕭嚙踝蕭1mS
  25   2           DelayUs2x(245);
  26   2               DelayUs2x(245);
  27   2       }
  28   1      }


MODULE INFORMATION:   STATIC OVERLAYABLE
   CODE SIZE        =     24    ----
   CONSTANT SIZE    =   ----    ----
   XDATA SIZE       =   ----    ----
   PDATA SIZE       =   ----    ----
   DATA SIZE        =   ----    ----
   IDATA SIZE       =   ----    ----
   BIT SIZE         =   ----    ----
END OF MODULE INFORMATION.


C51 COMPILATION COMPLETE.  0 WARNING(S),  0 ERROR(S)
